Enter date, UT, lat, lon, F107a, F107, F107p, Ap, Ef, Ec
   16355     0.0    80.0     0.0    70.0    70.0    70.0     4.0     1.0  2000.0
   Z     Tn       O        N2        NO      Ne(in)      Ne(out)  Ionrate      O+       O2+      NO+       N(2D)    Pederson   Hall
  80.0  224.  1.93E+09  1.63E+14  8.97E+07  1.00E+02  1.15E+03  7.17E-01  5.41E-14  6.77E-08  1.15E+03  2.07E-03  1.30E-06  2.95E-06
  81.0  225.  3.80E+09  1.40E+14  8.97E+07  1.00E+02  1.17E+03  7.41E-01  4.50E-14  4.89E-08  1.17E+03  2.48E-03  1.19E-06  3.13E-06
  82.0  225.  7.13E+09  1.21E+14  8.97E+07  1.00E+02  1.19E+03  7.62E-01  6.90E-13  6.44E-07  1.19E+03  2.97E-03  1.08E-06  3.28E-06
  83.0  225.  1.27E+10  1.04E+14  8.97E+07  1.00E+02  1.21E+03  7.81E-01  8.04E-12  6.44E-06  1.21E+03  3.53E-03  9.67E-07  3.41E-06
  84.0  225.  2.14E+10  8.99E+13  8.97E+07  1.47E+02  1.22E+03  7.97E-01  7.73E-11  5.32E-05  1.22E+03  4.18E-03  8.62E-07  3.51E-06
  85.0  225.  3.44E+10  7.76E+13  8.97E+07  2.45E+02  1.23E+03  8.12E-01  6.21E-10  3.67E-04  1.23E+03  4.94E-03  7.65E-07  3.59E-06
  86.0  224.  5.26E+10  6.70E+13  8.97E+07  3.27E+02  1.24E+03  8.25E-01  4.24E-09  2.16E-03  1.24E+03  5.81E-03  6.76E-07  3.66E-06
  87.0  223.  7.67E+10  5.80E+13  8.97E+07  3.75E+02  1.24E+03  8.36E-01  2.52E-08  1.11E-02  1.24E+03  6.82E-03  5.96E-07  3.71E-06
  88.0  222.  1.07E+11  5.02E+13  8.97E+07  4.00E+02  1.25E+03  8.48E-01  1.33E-07  5.13E-02  1.25E+03  8.00E-03  5.25E-07  3.75E-06
  89.0  221.  1.43E+11  4.35E+13  8.97E+07  4.24E+02  1.26E+03  8.63E-01  6.39E-07  2.14E-01  1.26E+03  9.45E-03  4.64E-07  3.79E-06
  90.0  219.  1.84E+11  3.77E+13  8.97E+07  4.72E+02  1.28E+03  8.96E-01  2.82E-06  8.07E-01  1.28E+03  1.15E-02  4.15E-07  3.86E-06
  91.0  216.  2.28E+11  3.27E+13  8.97E+07  5.83E+02  1.33E+03  9.87E-01  1.16E-05  2.75E+00  1.33E+03  1.52E-02  3.83E-07  4.05E-06
  92.0  213.  2.74E+11  2.84E+13  8.97E+07  8.40E+02  1.49E+03  1.24E+00  4.47E-05  8.44E+00  1.48E+03  2.42E-02  3.81E-07  4.53E-06
  93.0  211.  3.18E+11  2.46E+13  8.97E+07  1.35E+03  1.85E+03  1.93E+00  1.61E-04  2.36E+01  1.83E+03  4.90E-02  4.23E-07  5.63E-06
  94.0  208.  3.58E+11  2.13E+13  8.97E+07  1.60E+03  2.53E+03  3.64E+00  5.46E-04  6.02E+01  2.47E+03  1.20E-01  5.25E-07  7.72E-06
  95.0  205.  3.93E+11  1.84E+13  8.97E+07  1.67E+03  3.65E+03  7.61E+00  1.73E-03  1.42E+02  3.51E+03  3.14E-01  6.95E-07  1.11E-05
  96.0  202.  4.20E+11  1.58E+13  8.97E+07  1.68E+03  5.32E+03  1.62E+01  5.14E-03  3.12E+02  5.01E+03  8.22E-01  9.48E-07  1.63E-05
  97.0  200.  4.39E+11  1.36E+13  8.97E+07  1.69E+03  7.68E+03  3.37E+01  1.43E-02  6.40E+02  7.04E+03  2.08E+00  1.31E-06  2.35E-05
  98.0  197.  4.50E+11  1.16E+13  8.97E+07  1.69E+03  1.09E+04  6.69E+01  3.72E-02  1.23E+03  9.65E+03  4.98E+00  1.81E-06  3.33E-05
  99.0  195.  4.52E+11  9.93E+12  8.97E+07  1.69E+03  1.50E+04  1.26E+02  9.09E-02  2.20E+03  1.28E+04  1.13E+01  2.51E-06  4.60E-05
 100.0  194.  4.46E+11  8.44E+12  8.97E+07  1.69E+03  2.02E+04  2.24E+02  2.08E-01  3.69E+03  1.65E+04  2.42E+01  3.48E-06  6.18E-05
 101.0  193.  4.34E+11  7.16E+12  9.67E+07  1.69E+03  2.63E+04  3.76E+02  4.48E-01  5.44E+03  2.09E+04  4.90E+01  4.81E-06  8.05E-05
 102.0  192.  4.17E+11  6.05E+12  1.04E+08  1.69E+03  3.33E+04  5.96E+02  9.07E-01  7.57E+03  2.57E+04  9.38E+01  6.61E-06  1.02E-04
 103.0  192.  3.96E+11  5.10E+12  1.12E+08  1.69E+03  4.09E+04  8.91E+02  1.74E+00  9.97E+03  3.09E+04  1.70E+02  9.01E-06  1.25E-04
 104.0  193.  3.72E+11  4.28E+12  1.19E+08  1.69E+03  4.89E+04  1.26E+03  3.15E+00  1.26E+04  3.63E+04  2.93E+02  1.22E-05  1.50E-04
 105.0  194.  3.47E+11  3.59E+12  1.25E+08  1.69E+03  5.71E+04  1.69E+03  5.42E+00  1.53E+04  4.17E+04  4.80E+02  1.63E-05  1.74E-04
 106.0  195.  3.22E+11  3.01E+12  1.32E+08  1.67E+03  6.49E+04  2.17E+03  8.91E+00  1.78E+04  4.71E+04  7.53E+02  2.14E-05  1.98E-04
 107.0  198.  2.96E+11  2.51E+12  1.37E+08  1.62E+03  7.24E+04  2.66E+03  1.40E+01  2.01E+04  5.22E+04  1.13E+03  2.78E-05  2.19E-04
 108.0  201.  2.71E+11  2.10E+12  1.38E+08  1.56E+03  7.92E+04  3.13E+03  2.13E+01  2.23E+04  5.68E+04  1.63E+03  3.56E-05  2.39E-04
 109.0  205.  2.46E+11  1.75E+12  1.40E+08  1.47E+03  8.51E+04  3.56E+03  3.12E+01  2.39E+04  6.11E+04  2.28E+03  4.50E-05  2.54E-04
 110.0  211.  2.23E+11  1.46E+12  1.41E+08  1.38E+03  9.01E+04  3.91E+03  4.43E+01  2.50E+04  6.50E+04  3.08E+03  5.58E-05  2.66E-04
 111.5  221.  1.91E+11  1.11E+12  1.35E+08  1.23E+03  9.73E+04  4.39E+03  7.31E+01  2.72E+04  7.00E+04  4.70E+03  7.62E-05  2.79E-04
 113.0  234.  1.62E+11  8.45E+11  1.29E+08  1.08E+03  1.00E+05  4.47E+03  1.10E+02  2.73E+04  7.29E+04  6.51E+03  9.76E-05  2.75E-04
 114.5  250.  1.38E+11  6.47E+11  1.19E+08  9.38E+02  1.02E+05  4.38E+03  1.58E+02  2.72E+04  7.45E+04  8.60E+03  1.20E-04  2.60E-04
 116.0  269.  1.16E+11  4.98E+11  1.09E+08  8.15E+02  1.02E+05  4.13E+03  2.17E+02  2.66E+04  7.51E+04  1.08E+04  1.38E-04  2.33E-04
 118.0  300.  9.30E+10  3.56E+11  9.55E+07  6.78E+02  1.02E+05  3.77E+03  3.24E+02  2.59E+04  7.54E+04  1.43E+04  1.54E-04  1.88E-04
 120.0  334.  7.50E+10  2.61E+11  8.27E+07  5.69E+02  9.98E+04  3.23E+03  4.51E+02  2.43E+04  7.49E+04  1.72E+04  1.54E-04  1.38E-04
 122.0  370.  6.16E+10  1.96E+11  7.23E+07  4.86E+02  9.54E+04  2.80E+03  5.88E+02  2.29E+04  7.17E+04  2.01E+04  1.38E-04  9.40E-05
 124.0  396.  5.26E+10  1.55E+11  6.37E+07  4.24E+02  9.22E+04  2.46E+03  7.39E+02  2.19E+04  6.93E+04  2.28E+04  1.20E-04  6.51E-05
 126.0  419.  4.56E+10  1.25E+11  5.70E+07  3.79E+02  8.91E+04  2.19E+03  9.04E+02  2.10E+04  6.69E+04  2.55E+04  1.02E-04  4.53E-05
 128.0  439.  4.00E+10  1.03E+11  5.12E+07  3.49E+02  8.60E+04  1.96E+03  1.08E+03  2.02E+04  6.45E+04  2.81E+04  8.62E-05  3.16E-05
 130.0  458.  3.54E+10  8.55E+10  4.62E+07  3.30E+02  8.30E+04  1.76E+03  1.27E+03  1.94E+04  6.21E+04  3.05E+04  7.23E-05  2.22E-05
 132.0  475.  3.15E+10  7.19E+10  4.24E+07  3.21E+02  8.01E+04  1.58E+03  1.47E+03  1.85E+04  5.98E+04  3.27E+04  6.06E-05  1.58E-05
 134.0  491.  2.82E+10  6.10E+10  3.90E+07  3.21E+02  7.72E+04  1.43E+03  1.69E+03  1.78E+04  5.75E+04  3.49E+04  5.10E-05  1.14E-05
 137.0  512.  2.42E+10  4.84E+10  3.48E+07  3.37E+02  7.35E+04  1.24E+03  2.04E+03  1.67E+04  5.44E+04  3.80E+04  3.97E-05  7.11E-06
 140.0  530.  2.10E+10  3.89E+10  3.09E+07  3.70E+02  6.96E+04  1.07E+03  2.39E+03  1.58E+04  5.11E+04  4.05E+04  3.10E-05  4.53E-06
 144.0  551.  1.76E+10  2.96E+10  2.64E+07  4.42E+02  6.50E+04  8.96E+02  2.90E+03  1.47E+04  4.70E+04  4.36E+04  2.27E-05  2.59E-06
 148.0  568.  1.49E+10  2.29E+10  2.27E+07  5.49E+02  6.05E+04  7.46E+02  3.40E+03  1.37E+04  4.31E+04  4.56E+04  1.68E-05  1.52E-06
 153.0  586.  1.23E+10  1.69E+10  1.80E+07  7.25E+02  5.60E+04  6.01E+02  4.07E+03  1.29E+04  3.87E+04  4.78E+04  1.19E-05  8.18E-07
 158.0  600.  1.02E+10  1.26E+10  1.39E+07  9.31E+02  5.18E+04  4.83E+02  4.76E+03  1.22E+04  3.45E+04  4.90E+04  8.59E-06  4.58E-07
 164.0  613.  8.32E+09  9.03E+09  1.03E+07  1.19E+03  4.73E+04  3.76E+02  5.65E+03  1.14E+04  3.00E+04  4.98E+04  5.92E-06  2.38E-07
 170.0  623.  6.85E+09  6.55E+09  7.57E+06  1.53E+03  4.34E+04  2.93E+02  6.59E+03  1.05E+04  2.60E+04  5.00E+04  4.17E-06  1.29E-07
 176.0  631.  5.68E+09  4.79E+09  5.58E+06  1.83E+03  4.00E+04  2.30E+02  7.63E+03  9.59E+03  2.25E+04  4.96E+04  3.00E-06  7.25E-08
 183.0  638.  4.61E+09  3.35E+09  3.91E+06  2.11E+03  3.68E+04  1.74E+02  9.00E+03  8.59E+03  1.89E+04  4.88E+04  2.11E-06  3.90E-08
 190.0  642.  3.75E+09  2.36E+09  2.74E+06  2.46E+03  3.42E+04  1.33E+02  1.06E+04  7.63E+03  1.57E+04  4.75E+04  1.53E-06  2.21E-08
 197.0  646.  3.07E+09  1.68E+09  1.92E+06  2.88E+03  3.23E+04  1.02E+02  1.24E+04  6.70E+03  1.29E+04  4.59E+04  1.14E-06  1.32E-08
 205.0  649.  2.45E+09  1.14E+09  1.28E+06  3.52E+03  3.11E+04  7.55E+01  1.50E+04  5.67E+03  1.01E+04  4.36E+04  8.64E-07  7.84E-09
 213.0  651.  1.97E+09  7.73E+08  8.50E+05  4.44E+03  3.08E+04  5.61E+01  1.82E+04  4.67E+03  7.64E+03  4.09E+04  6.87E-07  5.00E-09
 221.0  652.  1.58E+09  5.27E+08  5.66E+05  5.97E+03  3.15E+04  4.18E+01  2.20E+04  3.72E+03  5.59E+03  3.79E+04  5.72E-07  3.37E-09
 229.0  653.  1.27E+09  3.61E+08  3.77E+05  9.57E+03  3.34E+04  3.12E+01  2.63E+04  2.86E+03  3.95E+03  3.48E+04  4.95E-07  2.35E-09
 237.0  654.  1.02E+09  2.47E+08  2.51E+05  1.49E+04  3.65E+04  2.34E+01  3.14E+04  2.11E+03  2.71E+03  3.16E+04  4.42E-07  1.72E-09
 245.0  655.  8.24E+08  1.70E+08  1.67E+05  2.15E+04  4.09E+04  1.75E+01  3.73E+04  1.51E+03  1.82E+03  2.85E+04  4.05E-07  1.26E-09
 254.0  655.  6.47E+08  1.11E+08  1.06E+05  3.01E+04  4.77E+04  1.28E+01  4.53E+04  1.00E+03  1.14E+03  2.52E+04  3.74E-07  8.96E-10
 263.0  655.  5.09E+08  7.30E+07  6.70E+04  3.91E+04  5.66E+04  9.41E+00  5.50E+04  6.50E+02  7.02E+02  2.19E+04  3.52E-07  6.76E-10
 272.0  655.  4.01E+08  4.80E+07  4.24E+04  4.75E+04  6.82E+04  6.98E+00  6.70E+04  4.15E+02  4.27E+02  1.87E+04  3.35E-07  4.88E-10
 281.0  656.  3.15E+08  3.16E+07  2.68E+04  5.46E+04  8.33E+04  5.22E+00  8.24E+04  2.63E+02  2.56E+02  1.54E+04  3.24E-07  3.90E-10
 290.0  656.  2.49E+08  2.08E+07  1.70E+04  5.98E+04  1.03E+05  3.94E+00  1.03E+05  1.65E+02  1.51E+02  1.21E+04  3.20E-07  2.79E-10
 300.0  656.  1.91E+08  1.31E+07  1.02E+04  6.32E+04  1.35E+05  2.90E+00  1.35E+05  9.79E+01  8.18E+01  8.46E+03  3.24E-07  2.20E-10
 310.0  656.  1.47E+08  8.30E+06  6.14E+03  6.45E+04  1.81E+05  2.16E+00  1.81E+05  5.76E+01  4.45E+01  5.31E+03  3.37E-07  2.16E-10
 320.0  656.  1.13E+08  5.25E+06  3.70E+03  6.45E+04  2.46E+05  1.61E+00  2.46E+05  3.34E+01  2.52E+01  3.04E+03  3.56E-07  2.40E-10
 330.0  656.  8.70E+07  3.32E+06  2.22E+03  6.38E+04  3.30E+05  1.21E+00  3.29E+05  1.96E+01  1.51E+01  1.67E+03  3.72E-07  9.89E-11
 340.0  656.  6.71E+07  2.11E+06  1.34E+03  6.27E+04  4.32E+05  9.19E-01  4.32E+05  1.15E+01  9.39E+00  9.25E+02  3.80E-07  2.08E-10
 350.0  656.  5.17E+07  1.34E+06  8.04E+02  6.11E+04  5.55E+05  6.98E-01  5.54E+05  6.82E+00  5.96E+00  5.29E+02  3.81E-07  0.00E+00
 360.0  656.  3.99E+07  8.50E+05  4.84E+02  5.91E+04  7.02E+05  5.32E-01  7.01E+05  4.05E+00  3.83E+00  3.12E+02  3.77E-07  0.00E+00
 370.0  656.  3.09E+07  5.41E+05  2.91E+02  5.68E+04  8.80E+05  4.07E-01  8.79E+05  2.42E+00  2.47E+00  1.88E+02  3.70E-07  1.53E-10
 380.0  656.  2.39E+07  3.45E+05  1.75E+02  5.42E+04  1.10E+06  3.12E-01  1.10E+06  1.45E+00  1.61E+00  1.15E+02  3.62E-07  2.38E-10
 390.0  656.  1.85E+07  2.20E+05  1.05E+02  5.15E+04  1.36E+06  2.40E-01  1.36E+06  8.71E-01  1.05E+00  7.12E+01  3.52E-07  0.00E+00
 400.0  656.  1.43E+07  1.41E+05  6.34E+01  4.86E+04  1.68E+06  1.85E-01  1.67E+06  5.25E-01  6.84E-01  4.45E+01  3.41E-07  0.00E+00
 410.0  656.  1.11E+07  9.00E+04  3.81E+01  4.57E+04  2.06E+06  1.43E-01  2.06E+06  3.17E-01  4.48E-01  2.80E+01  3.29E-07  3.81E-10
 420.0  656.  8.59E+06  5.77E+04  2.29E+01  4.28E+04  2.53E+06  1.10E-01  2.53E+06  1.92E-01  2.94E-01  1.78E+01  3.17E-07  4.98E-11
 430.0  656.  6.66E+06  3.70E+04  1.38E+01  3.99E+04  3.10E+06  8.53E-02  3.09E+06  1.17E-01  1.93E-01  1.13E+01  3.05E-07  0.00E+00
 440.0  656.  5.18E+06  2.38E+04  8.29E+00  3.71E+04  3.79E+06  6.61E-02  3.79E+06  7.08E-02  1.26E-01  7.17E+00  2.93E-07  1.86E-10
 450.0  656.  4.02E+06  1.53E+04  4.99E+00  3.45E+04  4.65E+06  5.13E-02  4.65E+06  4.31E-02  8.24E-02  4.56E+00  2.82E-07  0.00E+00
 460.0  656.  3.13E+06  9.86E+03  3.00E+00  3.20E+04  5.69E+06  3.98E-02  5.69E+06  2.63E-02  5.39E-02  2.90E+00  2.71E-07  0.00E+00
 470.0  656.  2.43E+06  6.36E+03  1.81E+00  2.96E+04  6.96E+06  3.09E-02  6.96E+06  1.61E-02  3.52E-02  1.85E+00  2.60E-07  0.00E+00
 480.0  656.  1.90E+06  4.11E+03  1.09E+00  2.74E+04  8.51E+06  2.41E-02  8.51E+06  9.83E-03  2.31E-02  1.18E+00  2.49E-07  0.00E+00
 490.0  656.  1.48E+06  2.65E+03  6.53E-01  2.54E+04  1.04E+07  1.87E-02  1.04E+07  6.02E-03  1.51E-02  7.58E-01  2.39E-07  0.00E+00
 500.0  656.  1.15E+06  1.72E+03  3.93E-01  2.35E+04  1.27E+07  1.46E-02  1.27E+07  3.69E-03  9.92E-03  4.86E-01  2.29E-07  0.00E+00
 510.0  656.  9.00E+05  1.11E+03  2.36E-01  2.17E+04  1.54E+07  1.14E-02  1.54E+07  2.27E-03  6.51E-03  3.13E-01  2.20E-07  0.00E+00
 520.0  656.  7.03E+05  7.23E+02  1.42E-01  2.02E+04  1.88E+07  8.90E-03  1.88E+07  1.40E-03  4.28E-03  2.01E-01  2.10E-07  0.00E+00
 530.0  656.  5.50E+05  4.70E+02  8.55E-02  1.87E+04  2.28E+07  6.96E-03  2.28E+07  8.60E-04  2.82E-03  1.30E-01  2.01E-07  0.00E+00
 540.0  656.  4.30E+05  3.06E+02  5.14E-02  1.74E+04  2.77E+07  5.44E-03  2.77E+07  5.30E-04  1.86E-03  8.38E-02  1.93E-07  0.00E+00
 550.0  656.  3.37E+05  1.99E+02  3.09E-02  1.62E+04  3.36E+07  4.26E-03  3.36E+07  3.27E-04  1.22E-03  5.42E-02  1.84E-07  0.00E+00
 560.0  656.  2.64E+05  1.30E+02  1.86E-02  1.51E+04  4.08E+07  3.33E-03  4.08E+07  2.02E-04  8.07E-04  3.51E-02  1.76E-07  0.00E+00
 570.0  656.  2.07E+05  8.49E+01  1.12E-02  1.42E+04  4.93E+07  2.61E-03  4.93E+07  1.25E-04  5.32E-04  2.28E-02  1.69E-07  0.00E+00
 580.0  656.  1.62E+05  5.55E+01  6.74E-03  1.33E+04  5.97E+07  2.05E-03  5.97E+07  7.75E-05  3.51E-04  1.48E-02  1.61E-07  0.00E+00
 590.0  656.  1.27E+05  3.63E+01  4.05E-03  1.25E+04  7.21E+07  1.61E-03  7.21E+07  4.80E-05  2.32E-04  9.67E-03  1.54E-07  0.00E+00
 600.0  656.  1.00E+05  2.38E+01  2.44E-03  1.18E+04  8.70E+07  1.26E-03  8.70E+07  2.97E-05  1.53E-04  6.31E-03  1.47E-07  0.00E+00
 610.0  656.  7.86E+04  1.56E+01  1.47E-03  1.11E+04  1.05E+08  9.93E-04  1.05E+08  1.84E-05  1.01E-04  4.13E-03  1.41E-07  0.00E+00
 620.0  656.  6.19E+04  1.03E+01  8.82E-04  1.05E+04  1.26E+08  7.81E-04  1.26E+08  1.14E-05  6.66E-05  2.71E-03  1.34E-07  0.00E+00
 630.0  656.  4.87E+04  6.76E+00  5.31E-04  9.98E+03  1.52E+08  6.15E-04  1.52E+08  7.11E-06  4.40E-05  1.78E-03  1.28E-07  0.00E+00
 640.0  656.  3.84E+04  4.45E+00  3.19E-04  9.49E+03  Infinity  4.84E-04       NaN       NaN       NaN       NaN       NaN       NaN
   Z      3371    4278    5200    5577    6300    7320   10400    3644    7774    8446    3726    LBH     1356    1493    1304
  80.0    0.00    0.00    0.00    0.00    0.00    0.00    0.00    0.00    0.00    0.00    0.00    0.00    0.00    0.00    0.00
  81.0    0.00    0.00    0.00    0.00    0.00    0.00    0.00    0.00    0.00    0.00    0.00    0.00    0.00    0.00    0.00
  82.0    0.00    0.00    0.00    0.00    0.00    0.00    0.00    0.00    0.00    0.00    0.00    0.00    0.00    0.00    0.00
  83.0    0.00    0.00    0.00    0.00    0.00    0.00    0.00    0.00    0.00    0.00    0.00    0.00    0.00    0.00    0.00
  84.0    0.00    0.00    0.00    0.00    0.00    0.00    0.00    0.00    0.00    0.00    0.00    0.00    0.00    0.00    0.00
  85.0    0.00    0.00    0.00    0.00    0.00    0.00    0.00    0.00    0.00    0.00    0.00    0.00    0.00    0.00    0.00
  86.0    0.00    0.00    0.00    0.00    0.00    0.00    0.00    0.00    0.00    0.00    0.00    0.00    0.00    0.00    0.00
  87.0    0.00    0.00    0.00    0.00    0.00    0.00    0.00    0.00    0.00    0.00    0.00    0.00    0.00    0.00    0.00
  88.0    0.00    0.00    0.00    0.00    0.00    0.00    0.00    0.00    0.00    0.00    0.00    0.00    0.00    0.00    0.00
  89.0    0.00    0.00    0.00    0.00    0.00    0.00    0.00    0.00    0.00    0.00    0.00    0.00    0.00    0.00    0.00
  90.0    0.00    0.00    0.00    0.00    0.00    0.00    0.00    0.00    0.00    0.00    0.00    0.00    0.00    0.00    0.00
  91.0    0.00    0.00    0.00    0.00    0.00    0.00    0.00    0.00    0.00    0.00    0.00    0.01    0.00    0.00    0.00
  92.0    0.00    0.01    0.00    0.00    0.00    0.00    0.00    0.00    0.00    0.00    0.00    0.03    0.00    0.00    0.00
  93.0    0.01    0.01    0.00    0.02    0.00    0.00    0.00    0.00    0.00    0.00    0.00    0.09    0.00    0.00    0.00
  94.0    0.03    0.04    0.00    0.05    0.00    0.00    0.00    0.00    0.00    0.00    0.00    0.24    0.00    0.01    0.00
  95.0    0.09    0.10    0.00    0.16    0.00    0.00    0.01    0.00    0.00    0.00    0.00    0.60    0.00    0.01    0.01
  96.0    0.20    0.23    0.00    0.45    0.00    0.00    0.02    0.00    0.00    0.01    0.00    1.40    0.01    0.03    0.03
  97.0    0.44    0.51    0.00    1.16    0.00    0.00    0.05    0.00    0.01    0.03    0.00    3.08    0.01    0.07    0.08
  98.0    0.91    1.06    0.00    2.70    0.00    0.00    0.12    0.01    0.02    0.08    0.00    6.34    0.04    0.15    0.21
  99.0    1.76    2.03    0.00    5.79    0.00    0.00    0.25    0.02    0.04    0.17    0.00   12.19    0.08    0.30    0.47
 100.0    3.17    3.66    0.00   11.46    0.00    0.00    0.49    0.03    0.08    0.36    0.00   21.99    0.17    0.53    0.97
 101.0    5.37    6.18    0.00   20.95    0.00    0.00    0.90    0.06    0.15    0.70    0.00   37.20    0.32    0.90    1.89
 102.0    8.57    9.83    0.00   35.59    0.01    0.00    1.56    0.11    0.26    1.27    0.00   59.18    0.58    1.43    3.42
 103.0   12.87   14.73    0.00   56.45    0.01    0.00    2.57    0.18    0.45    2.14    0.00   88.74    0.99    2.14    5.77
 104.0   18.30   20.86    0.00   84.03    0.03    0.00    4.03    0.28    0.71    3.40    0.00  125.82    1.57    3.03    9.13
 105.0   24.69   28.04    0.01  117.89    0.04    0.00    6.01    0.41    1.06    5.07    0.00  169.25    2.34    4.08   13.65
 106.0   31.74   35.90    0.01  156.65    0.07    0.01    8.55    0.58    1.50    7.18    0.00  216.90    3.32    5.22   19.31
 107.0   39.05   43.97    0.01  198.24    0.10    0.01   11.67    0.80    2.03    9.68    0.00  265.91    4.48    6.40   26.02
 108.0   46.17   51.73    0.02  240.15    0.15    0.01   15.34    1.05    2.61   12.48    0.00  313.14    5.78    7.53   33.53
 109.0   52.67   58.68    0.02  279.43    0.21    0.02   19.47    1.33    3.24   15.45    0.00  355.56    7.16    8.54   41.50
 110.0   58.16   64.40    0.03  313.53    0.29    0.02   23.96    1.64    3.87   18.43    0.00  390.59    8.55    9.37   49.51
 111.5   65.72   72.01    0.05  361.10    0.46    0.04   31.90    2.18    4.87   23.21    0.00  437.50   10.77   10.47   62.31
 113.0   67.55   73.11    0.07  375.16    0.65    0.05   38.65    2.64    5.53   26.31    0.00  444.98   12.23   10.63   70.64
 114.5   66.82   71.34    0.09  372.84    0.88    0.07   44.97    3.07    5.99   28.44    0.00  435.02   13.24   10.38   76.33
 116.0   63.68   66.97    0.12  354.85    1.14    0.09   50.23    3.43    6.18   29.32    0.00  409.14   13.66    9.74   78.69
 118.0   59.13   60.80    0.15  326.29    1.57    0.12   57.07    3.90    6.29   29.80    0.00  372.53   13.91    8.84   79.95
 120.0   51.60   51.84    0.18  279.82    1.96    0.15   60.07    4.11    5.93   28.06    0.00  318.37   13.11    7.54   75.27
 122.0   45.38   44.53    0.22  241.36    2.37    0.18   62.26    4.26    5.57   26.31    0.00  274.20   12.32    6.48   70.58
 124.0   40.52   38.95    0.24  212.14    2.76    0.20   63.31    4.33    5.28   24.90    0.00  240.47   11.67    5.67   66.80
 126.0   36.57   34.48    0.27  188.79    3.15    0.23   63.89    4.37    5.03   23.70    0.00  213.45   11.12    5.02   63.56
 128.0   33.08   30.62    0.30  168.47    3.54    0.26   63.90    4.37    4.79   22.51    0.00  190.03   10.58    4.45   60.36
 130.0   29.99   27.27    0.33  150.79    3.92    0.29   63.46    4.34    4.55   21.35    0.00  169.73   10.05    3.97   57.26
 132.0   27.24   24.35    0.35  135.56    4.30    0.32   62.64    4.28    4.32   20.25    0.00  152.03    9.54    3.54   54.30
 134.0   24.80   21.81    0.37  122.28    4.68    0.35   61.53    4.21    4.10   19.19    0.00  136.55    9.06    3.17   51.48
 137.0   21.78   18.71    0.41  106.29    5.28    0.40   59.91    4.10    3.83   17.87    0.00  117.75    8.45    2.72   47.93
 140.0   18.99   15.96    0.43   91.97    5.82    0.45   57.30    3.92    3.54   16.48    0.00  100.93    7.81    2.32   44.20
 144.0   15.98   13.07    0.47   76.92    6.58    0.52   53.78    3.68    3.21   14.92    0.00   83.26    7.09    1.90   40.00
 148.0   13.36   10.66    0.49   64.31    7.27    0.59   49.50    3.38    2.89   13.40    0.00   68.37    6.39    1.55   35.92
 153.0   10.77    8.34    0.51   51.75    8.17    0.68   44.29    3.03    2.56   11.79    0.00   54.02    5.65    1.21   31.61
 158.0    8.63    6.51    0.52   41.61    9.01    0.77   38.90    2.66    2.25   10.33    0.00   42.59    4.97    0.95   27.70
 164.0    6.65    4.86    0.53   32.43   10.02    0.88   32.88    2.25    1.95    8.87    0.00   32.24    4.29    0.71   23.77
 170.0    5.11    3.63    0.53   25.43   10.96    1.00   27.36    1.87    1.68    7.59    0.00   24.42    3.69    0.53   20.36
 176.0    3.93    2.71    0.53   20.06   11.85    1.11   22.49    1.54    1.45    6.51    0.00   18.55    3.19    0.40   17.47
 183.0    2.90    1.94    0.52   15.28   12.77    1.24   17.69    1.21    1.22    5.46    0.00   13.50    2.69    0.28   14.64
 190.0    2.13    1.38    0.51   11.61   13.49    1.37   13.73    0.94    1.03    4.57    0.00    9.82    2.27    0.20   12.26
 197.0    1.55    0.99    0.49    8.78   13.90    1.47   10.53    0.72    0.87    3.82    0.00    7.12    1.91    0.14   10.23
 205.0    1.07    0.67    0.47    6.29   13.90    1.57    7.66    0.52    0.71    3.08    0.00    4.87    1.55    0.10    8.25
 213.0    0.72    0.45    0.44    4.43   13.39    1.62    5.48    0.37    0.56    2.46    0.00    3.27    1.23    0.07    6.54
 221.0    0.47    0.31    0.41    3.07   12.41    1.60    3.86    0.26    0.44    1.92    0.00    2.14    0.95    0.04    5.09
 229.0    0.30    0.21    0.37    2.11   11.09    1.53    2.69    0.18    0.33    1.48    0.00    1.37    0.72    0.03    3.90
 237.0    0.19    0.14    0.34    1.43    9.59    1.42    1.85    0.13    0.25    1.12    0.00    0.87    0.54    0.02    2.94
 245.0    0.12    0.09    0.31    0.97    8.05    1.27    1.27    0.09    0.18    0.84    0.00    0.54    0.39    0.01    2.20
 254.0    0.07    0.06    0.27    0.63    6.41    1.08    0.83    0.06    0.13    0.61    0.00    0.31    0.27    0.01    1.58
 263.0    0.04    0.04    0.24    0.42    4.98    0.90    0.55    0.04    0.09    0.44    0.00    0.18    0.19    0.01    1.13
 272.0    0.02    0.03    0.20    0.29    3.80    0.73    0.37    0.03    0.07    0.32    0.01    0.11    0.14    0.00    0.82
 281.0    0.01    0.02    0.17    0.20    2.88    0.59    0.25    0.02    0.05    0.23    0.01    0.06    0.10    0.00    0.60
 290.0    0.01    0.01    0.13    0.15    2.17    0.47    0.18    0.01    0.04    0.17    0.01    0.04    0.08    0.00    0.44
 300.0    0.00    0.01    0.09    0.11    1.58    0.36    0.12    0.01    0.04    0.12    0.01    0.02    0.06    0.00    0.32
 310.0    0.00    0.00    0.06    0.08    1.16    0.27    0.08    0.01    0.05    0.09    0.01    0.01    0.06    0.00    0.24
 320.0    0.00    0.00    0.03    0.06    0.86    0.21    0.05    0.00    0.07    0.07    0.01    0.01    0.08    0.00    0.19
 330.0    0.00    0.00    0.02    0.05    0.63    0.15    0.03    0.00    0.10    0.05    0.00    0.00    0.11    0.00    0.17
 340.0    0.00    0.00    0.01    0.04    0.46    0.12    0.02    0.00    0.16    0.04    0.00    0.00    0.16    0.00    0.17
 350.0    0.00    0.00    0.01    0.03    0.33    0.09    0.01    0.00    0.25    0.03    0.00    0.00    0.25    0.00    0.19
 360.0    0.00    0.00    0.00    0.02    0.24    0.06    0.01    0.00    0.38    0.02    0.00    0.00    0.38    0.00    0.25
 370.0    0.00    0.00    0.00    0.02    0.17    0.05    0.00    0.00    0.59    0.02    0.00    0.00    0.59    0.00    0.35
 380.0    0.00    0.00    0.00    0.01    0.12    0.03    0.00    0.00    0.90    0.01    0.00    0.00    0.90    0.00    0.51
 390.0    0.00    0.00    0.00    0.01    0.09    0.02    0.00    0.00    1.36    0.01    0.00    0.00    1.37    0.00    0.76
 400.0    0.00    0.00    0.00    0.01    0.06    0.02    0.00    0.00    2.07    0.01    0.00    0.00    2.07    0.00    1.14
 410.0    0.00    0.00    0.00    0.01    0.05    0.01    0.00    0.00    3.11    0.01    0.00    0.00    3.11    0.00    1.71
 420.0    0.00    0.00    0.00    0.00    0.03    0.01    0.00    0.00    4.67    0.00    0.00    0.00    4.68    0.00    2.56
 430.0    0.00    0.00    0.00    0.00    0.02    0.01    0.00    0.00    7.01    0.00    0.00    0.00    7.01    0.00    3.84
 440.0    0.00    0.00    0.00    0.00    0.02    0.00    0.00    0.00   10.51    0.00    0.00    0.00   10.51    0.00    5.76
 450.0    0.00    0.00    0.00    0.00    0.01    0.00    0.00    0.00   15.77    0.00    0.00    0.00   15.77    0.00    8.64
 460.0    0.00    0.00    0.00    0.00    0.01    0.00    0.00    0.00   23.65    0.00    0.00    0.00   23.65    0.00   12.96
 470.0    0.00    0.00    0.00    0.00    0.01    0.00    0.00    0.00   35.42    0.00    0.00    0.00   35.42    0.00   19.40
 480.0    0.00    0.00    0.00    0.00    0.01    0.00    0.00    0.00   52.93    0.00    0.00    0.00   52.93    0.00   29.00
 490.0    0.00    0.00    0.00    0.00    0.01    0.00    0.00    0.00   78.91    0.00    0.00    0.00   78.91    0.00   43.24
 500.0    0.00    0.00    0.00    0.00    0.01    0.00    0.00    0.00  117.38    0.00    0.00    0.00  117.38    0.00   64.31
 510.0    0.00    0.00    0.00    0.00    0.01    0.00    0.00    0.00  174.20    0.00    0.00    0.00  174.20    0.00   95.45
 520.0    0.00    0.00    0.00    0.00    0.01    0.00    0.00    0.00  257.94    0.00    0.00    0.00  257.94    0.00  141.33
 530.0    0.00    0.00    0.00    0.00    0.01    0.00    0.00    0.00  381.08    0.00    0.00    0.00  381.08    0.00  208.81
 540.0    0.00    0.00    0.00    0.00    0.01    0.00    0.00    0.00  561.80    0.00    0.00    0.00  561.80    0.00  307.83
 550.0    0.00    0.00    0.00    0.00    0.01    0.00    0.00    0.00  826.48    0.00    0.00    0.00  826.48    0.00  452.86
 560.0    0.00    0.00    0.00    0.00    0.01    0.00    0.00    0.00 1213.35    0.00    0.00    0.00 1213.35    0.00  664.84
 570.0    0.00    0.00    0.00    0.00    0.01    0.00    0.00    0.00 1777.76    0.00    0.00    0.00 1777.76    0.00  974.11
 580.0    0.00    0.00    0.00    0.00    0.00    0.00    0.00    0.00 2599.62    0.00    0.00    0.00 2599.62    0.00 1424.45
 590.0    0.00    0.00    0.00    0.00    0.00    0.00    0.00    0.00 3794.18    0.00    0.00    0.00 3794.18    0.00 2079.00
 600.0    0.00    0.00    0.00    0.00    0.00    0.00    0.00    0.00 5527.38    0.00    0.00    0.00 5527.38    0.00 3028.70
 610.0    0.00    0.00    0.00    0.00    0.00    0.00    0.00    0.00 8037.70    0.00    0.00    0.00 8037.70    0.00 4404.21
 620.0    0.00    0.00    0.00    0.00    0.00    0.00    0.00    0.0011667.62    0.00    0.00    0.0011667.62    0.00 6393.21
 630.0    0.00    0.00    0.00    0.00    0.00    0.00    0.00    0.0016907.37    0.00    0.00    0.0016907.37    0.00 9264.31
 640.0    0.00     NaN     NaN     NaN     NaN    0.00     NaN     NaN     NaN    0.00     NaN    0.00     NaN    0.00     NaN
Enter date, UT, lat, lon, F107a, F107, F107p, Ap, Ef, Ec
